<?xml version="1.0" encoding="UTF-8"?>
<!-- Generated by org.testng.reporters.JUnitReportReporter -->
<testsuite hostname="user-PC" failures="0" tests="1" name="testbase.Test_Base" time="27.042" errors="0" timestamp="2023-04-24T20:36:01 IST" skipped="0">
  <testcase classname="testbase.Test_Base" name="openBrowser" time="27.042"/>
  <system-out/>
</testsuite> <!-- testbase.Test_Base -->
