<?xml version="1.0" encoding="UTF-8"?>
<!-- Generated by org.testng.reporters.JUnitReportReporter -->
<testsuite hostname="user-PC" failures="0" tests="1" name="library.Test1" time="33.938" errors="0" timestamp="2023-04-26T15:35:25 IST" skipped="0">
  <testcase classname="library.Test1" name="test" time="33.938"/>
  <system-out/>
</testsuite> <!-- library.Test1 -->
