<?xml version="1.0" encoding="UTF-8"?>
<!-- Generated by org.testng.reporters.JUnitReportReporter -->
<testsuite hostname="user-PC" failures="0" tests="1" name="testcases.Testcase2" time="0.000" errors="0" timestamp="2023-04-30T14:16:21 IST" skipped="1">
  <testcase classname="testcases.Testcase2" name="tc2_logout_Validation" time="0.000">
    <skipped/>
  </testcase> <!-- tc2_logout_Validation -->
  <system-out/>
</testsuite> <!-- testcases.Testcase2 -->
